<?xml version="1.0" encoding="UTF-8"?>
<!-- Generated by org.testng.reporters.JUnitReportReporter -->
<testsuite skipped="0" hostname="DESKTOP-MD2LIRK" name="com.nopcommerce.testCases.TC_LoginTest_001" tests="1" failures="0" timestamp="02 Jan 2020 03:10:38 GMT" time="8.741" errors="0">
  <testcase name="loginTest" time="8.741" classname="com.nopcommerce.testCases.TC_LoginTest_001"/>
</testsuite> <!-- com.nopcommerce.testCases.TC_LoginTest_001 -->
