<?xml version="1.0" encoding="UTF-8"?>
<!-- Generated by org.testng.reporters.JUnitReportReporter -->
<testsuite skipped="0" hostname="DESKTOP-MD2LIRK" name="com.nopcommerce.testCases.TC_LoginTest_001" tests="1" failures="0" timestamp="02 Jan 2020 05:44:31 GMT" time="9.083" errors="0">
  <testcase name="loginTest" time="9.083" classname="com.nopcommerce.testCases.TC_LoginTest_001"/>
</testsuite> <!-- com.nopcommerce.testCases.TC_LoginTest_001 -->
